<?xml version="1.0" encoding="UTF-8"?>
<testng-results ignored="0" total="4" passed="4" failed="0" skipped="0">
  <reporter-output>
  </reporter-output>
  <suite started-at="2022-08-21T20:10:51 IST" name="Default suite" finished-at="2022-08-21T20:10:52 IST" duration-ms="554">
    <groups>
    </groups>
    <test started-at="2022-08-21T20:10:51 IST" name="Default test" finished-at="2022-08-21T20:10:52 IST" duration-ms="554">
      <class name="com.mine.Stephendevapriyan">
        <test-method signature="deva()[pri:-1, instance:com.mine.Stephendevapriyan@47987356]" started-at="2022-08-21T20:10:51 IST" name="deva" finished-at="2022-08-21T20:10:51 IST" duration-ms="56" status="PASS">
          <reporter-output>
          </reporter-output>
        </test-method> <!-- deva -->
        <test-method signature="mani()[pri:0, instance:com.mine.Stephendevapriyan@47987356]" started-at="2022-08-21T20:10:51 IST" name="mani" finished-at="2022-08-21T20:10:51 IST" duration-ms="22" status="PASS">
          <reporter-output>
          </reporter-output>
        </test-method> <!-- mani -->
        <test-method signature="paul()[pri:1, instance:com.mine.Stephendevapriyan@47987356]" started-at="2022-08-21T20:10:51 IST" name="paul" finished-at="2022-08-21T20:10:51 IST" duration-ms="8" status="PASS">
          <reporter-output>
          </reporter-output>
        </test-method> <!-- paul -->
        <test-method signature="stephen()[pri:2, instance:com.mine.Stephendevapriyan@47987356]" started-at="2022-08-21T20:10:52 IST" name="stephen" finished-at="2022-08-21T20:10:52 IST" duration-ms="86" status="PASS">
          <reporter-output>
          </reporter-output>
        </test-method> <!-- stephen -->
      </class> <!-- com.mine.Stephendevapriyan -->
    </test> <!-- Default test -->
  </suite> <!-- Default suite -->
</testng-results>
