<?xml version="1.0" encoding="UTF-8"?>
<!-- Generated by org.testng.reporters.JUnitXMLReporter -->
<testsuite ignored="0" hostname="Lenovo" failures="0" tests="4" name="Default test" time="0.554" errors="0" timestamp="2022-08-21T20:10:52 IST">
  <testcase classname="com.mine.Stephendevapriyan" name="deva" time="0.056"/>
  <testcase classname="com.mine.Stephendevapriyan" name="mani" time="0.022"/>
  <testcase classname="com.mine.Stephendevapriyan" name="paul" time="0.008"/>
  <testcase classname="com.mine.Stephendevapriyan" name="stephen" time="0.086"/>
</testsuite> <!-- Default test -->
