<?xml version="1.0" encoding="UTF-8"?>
<!-- Generated by org.testng.reporters.JUnitXMLReporter -->
<testsuite ignored="2" hostname="Lenovo" failures="0" tests="4" name="Test" time="0.524" errors="0" timestamp="2022-08-21T19:11:59 IST">
  <testcase classname="com.Testng.Ignoree" name="ajio" time="0.072"/>
  <testcase classname="com.Testng.Ignoree" name="meeshow" time="0.05"/>
  <testcase classname="com.Testng.Ignoree" name="myntra" time="0.01"/>
  <testcase classname="com.Testng.Ignoree" name="snapdeal" time="0.009"/>
  <testcase classname="com.Testng.Ignoree" name="amazon" time="0.0">
    <ignored/>
  </testcase> <!-- amazon -->
  <testcase classname="com.Testng.Ignoree" name="flipkart" time="0.0">
    <ignored/>
  </testcase> <!-- flipkart -->
</testsuite> <!-- Test -->
